[debug] [2024-06-26T17:02:09.791Z] ----------------------------------------------------------------------
[debug] [2024-06-26T17:02:09.793Z] Command:       C:\Program Files\nodejs\node.exe C:\Users\usuario\AppData\Roaming\npm\node_modules\firebase-tools\lib\bin\firebase.js projects:list
[debug] [2024-06-26T17:02:09.794Z] CLI Version:   13.12.0
[debug] [2024-06-26T17:02:09.794Z] Platform:      win32
[debug] [2024-06-26T17:02:09.794Z] Node Version:  v20.11.0
[debug] [2024-06-26T17:02:09.794Z] Time:          Wed Jun 26 2024 19:02:09 GMT+0200 (hora de verano de Europa central)
[debug] [2024-06-26T17:02:09.794Z] ----------------------------------------------------------------------
[debug] 
[debug] [2024-06-26T17:02:09.841Z] > command requires scopes: ["email","openid","https://www.googleapis.com/auth/cloudplatformprojects.readonly","https://www.googleapis.com/auth/firebase","https://www.googleapis.com/auth/cloud-platform"]
[debug] [2024-06-26T17:02:09.841Z] > authorizing via signed-in user (nxelia99@gmail.com)
[debug] [2024-06-26T17:02:09.844Z] > refreshing access token with scopes: []
[debug] [2024-06-26T17:02:09.845Z] >>> [apiv2][query] POST https://www.googleapis.com/oauth2/v3/token [none]
[debug] [2024-06-26T17:02:09.845Z] >>> [apiv2][body] POST https://www.googleapis.com/oauth2/v3/token [omitted]
[debug] [2024-06-26T17:02:09.992Z] <<< [apiv2][status] POST https://www.googleapis.com/oauth2/v3/token 400
[debug] [2024-06-26T17:02:09.992Z] <<< [apiv2][body] POST https://www.googleapis.com/oauth2/v3/token [omitted]
[debug] [2024-06-26T17:02:09.993Z] >>> [apiv2][query] GET https://firebase.googleapis.com/v1beta1/projects pageSize=1000
[debug] [2024-06-26T17:02:10.126Z] <<< [apiv2][status] GET https://firebase.googleapis.com/v1beta1/projects 401
[debug] [2024-06-26T17:02:10.126Z] <<< [apiv2][body] GET https://firebase.googleapis.com/v1beta1/projects [omitted]
[debug] [2024-06-26T17:02:10.128Z] HTTP Error: 401, Request had invalid authentication credentials. Expected OAuth 2 access token, login cookie or other valid authentication credential. See https://developers.google.com/identity/sign-in/web/devconsole-project.
[debug] [2024-06-26T17:02:10.234Z] FirebaseError: HTTP Error: 401, Request had invalid authentication credentials. Expected OAuth 2 access token, login cookie or other valid authentication credential. See https://developers.google.com/identity/sign-in/web/devconsole-project.
    at responseToError (C:\Users\usuario\AppData\Roaming\npm\node_modules\firebase-tools\lib\responseToError.js:49:12)
    at RetryOperation._fn (C:\Users\usuario\AppData\Roaming\npm\node_modules\firebase-tools\lib\apiv2.js:305:77)
    at process.processTicksAndRejections (node:internal/process/task_queues:95:5)
[error] 
[error] Error: Failed to list Firebase projects. See firebase-debug.log for more info.
[debug] [2024-06-26T17:04:02.603Z] ----------------------------------------------------------------------
[debug] [2024-06-26T17:04:02.605Z] Command:       C:\Program Files\nodejs\node.exe C:\Users\usuario\AppData\Roaming\npm\node_modules\firebase-tools\lib\bin\firebase.js deploy --only hosting
[debug] [2024-06-26T17:04:02.606Z] CLI Version:   13.12.0
[debug] [2024-06-26T17:04:02.606Z] Platform:      win32
[debug] [2024-06-26T17:04:02.606Z] Node Version:  v20.11.0
[debug] [2024-06-26T17:04:02.606Z] Time:          Wed Jun 26 2024 19:04:02 GMT+0200 (hora de verano de Europa central)
[debug] [2024-06-26T17:04:02.607Z] ----------------------------------------------------------------------
[debug] 
[debug] [2024-06-26T17:04:02.659Z] > command requires scopes: ["email","openid","https://www.googleapis.com/auth/cloudplatformprojects.readonly","https://www.googleapis.com/auth/firebase","https://www.googleapis.com/auth/cloud-platform"]
[debug] [2024-06-26T17:04:02.660Z] > authorizing via signed-in user (nxelia99@gmail.com)
[debug] [2024-06-26T17:04:02.660Z] [iam] checking project react-netflix-clone-ad653 for permissions ["firebase.projects.get","firebasehosting.sites.update"]
[debug] [2024-06-26T17:04:02.661Z] > refreshing access token with scopes: []
[debug] [2024-06-26T17:04:02.662Z] >>> [apiv2][query] POST https://www.googleapis.com/oauth2/v3/token [none]
[debug] [2024-06-26T17:04:02.662Z] >>> [apiv2][body] POST https://www.googleapis.com/oauth2/v3/token [omitted]
[debug] [2024-06-26T17:04:02.791Z] <<< [apiv2][status] POST https://www.googleapis.com/oauth2/v3/token 400
[debug] [2024-06-26T17:04:02.791Z] <<< [apiv2][body] POST https://www.googleapis.com/oauth2/v3/token [omitted]
[debug] [2024-06-26T17:04:02.791Z] >>> [apiv2][query] POST https://cloudresourcemanager.googleapis.com/v1/projects/react-netflix-clone-ad653:testIamPermissions [none]
[debug] [2024-06-26T17:04:02.791Z] >>> [apiv2][(partial)header] POST https://cloudresourcemanager.googleapis.com/v1/projects/react-netflix-clone-ad653:testIamPermissions x-goog-quota-user=projects/react-netflix-clone-ad653
[debug] [2024-06-26T17:04:02.791Z] >>> [apiv2][body] POST https://cloudresourcemanager.googleapis.com/v1/projects/react-netflix-clone-ad653:testIamPermissions {"permissions":["firebase.projects.get","firebasehosting.sites.update"]}
[debug] [2024-06-26T17:04:03.426Z] <<< [apiv2][status] POST https://cloudresourcemanager.googleapis.com/v1/projects/react-netflix-clone-ad653:testIamPermissions 401
[debug] [2024-06-26T17:04:03.426Z] <<< [apiv2][body] POST https://cloudresourcemanager.googleapis.com/v1/projects/react-netflix-clone-ad653:testIamPermissions {"error":{"code":401,"message":"Request had invalid authentication credentials. Expected OAuth 2 access token, login cookie or other valid authentication credential. See https://developers.google.com/identity/sign-in/web/devconsole-project.","status":"UNAUTHENTICATED","details":[{"@type":"type.googleapis.com/google.rpc.ErrorInfo","reason":"ACCESS_TOKEN_TYPE_UNSUPPORTED","metadata":{"method":"google.cloudresourcemanager.v1.Projects.TestIamPermissions","service":"cloudresourcemanager.googleapis.com"}}]}}
[debug] [2024-06-26T17:04:03.427Z] [iam] error while checking permissions, command may fail: FirebaseError: HTTP Error: 401, Request had invalid authentication credentials. Expected OAuth 2 access token, login cookie or other valid authentication credential. See https://developers.google.com/identity/sign-in/web/devconsole-project.
[debug] [2024-06-26T17:04:03.428Z] > refreshing access token with scopes: []
[debug] [2024-06-26T17:04:03.428Z] >>> [apiv2][query] POST https://www.googleapis.com/oauth2/v3/token [none]
[debug] [2024-06-26T17:04:03.429Z] >>> [apiv2][body] POST https://www.googleapis.com/oauth2/v3/token [omitted]
[debug] [2024-06-26T17:04:03.485Z] <<< [apiv2][status] POST https://www.googleapis.com/oauth2/v3/token 400
[debug] [2024-06-26T17:04:03.485Z] <<< [apiv2][body] POST https://www.googleapis.com/oauth2/v3/token [omitted]
[debug] [2024-06-26T17:04:03.486Z] >>> [apiv2][query] GET https://firebase.googleapis.com/v1beta1/projects/react-netflix-clone-ad653 [none]
[debug] [2024-06-26T17:04:03.616Z] <<< [apiv2][status] GET https://firebase.googleapis.com/v1beta1/projects/react-netflix-clone-ad653 401
[debug] [2024-06-26T17:04:03.616Z] <<< [apiv2][body] GET https://firebase.googleapis.com/v1beta1/projects/react-netflix-clone-ad653 {"error":{"code":401,"message":"Request had invalid authentication credentials. Expected OAuth 2 access token, login cookie or other valid authentication credential. See https://developers.google.com/identity/sign-in/web/devconsole-project.","status":"UNAUTHENTICATED"}}
[debug] [2024-06-26T17:04:03.617Z] HTTP Error: 401, Request had invalid authentication credentials. Expected OAuth 2 access token, login cookie or other valid authentication credential. See https://developers.google.com/identity/sign-in/web/devconsole-project.
[error] 
[error] Error: Assertion failed: resolving hosting target of a site with no site name or target name. This should have caused an error earlier
[debug] [2024-06-26T17:09:02.813Z] ----------------------------------------------------------------------
[debug] [2024-06-26T17:09:02.815Z] Command:       C:\Program Files\nodejs\node.exe C:\Users\usuario\AppData\Roaming\npm\node_modules\firebase-tools\lib\bin\firebase.js deploy --only hosting
[debug] [2024-06-26T17:09:02.816Z] CLI Version:   13.12.0
[debug] [2024-06-26T17:09:02.816Z] Platform:      win32
[debug] [2024-06-26T17:09:02.816Z] Node Version:  v20.11.0
[debug] [2024-06-26T17:09:02.816Z] Time:          Wed Jun 26 2024 19:09:02 GMT+0200 (hora de verano de Europa central)
[debug] [2024-06-26T17:09:02.816Z] ----------------------------------------------------------------------
[debug] 
[debug] [2024-06-26T17:09:02.863Z] > command requires scopes: ["email","openid","https://www.googleapis.com/auth/cloudplatformprojects.readonly","https://www.googleapis.com/auth/firebase","https://www.googleapis.com/auth/cloud-platform"]
[debug] [2024-06-26T17:09:02.864Z] > authorizing via signed-in user (nxelia99@gmail.com)
[debug] [2024-06-26T17:09:02.864Z] [iam] checking project react-netflix-clone-ad653 for permissions ["firebase.projects.get","firebasehosting.sites.update"]
[debug] [2024-06-26T17:09:02.865Z] > refreshing access token with scopes: []
[debug] [2024-06-26T17:09:02.866Z] >>> [apiv2][query] POST https://www.googleapis.com/oauth2/v3/token [none]
[debug] [2024-06-26T17:09:02.866Z] >>> [apiv2][body] POST https://www.googleapis.com/oauth2/v3/token [omitted]
[debug] [2024-06-26T17:09:03.025Z] <<< [apiv2][status] POST https://www.googleapis.com/oauth2/v3/token 400
[debug] [2024-06-26T17:09:03.025Z] <<< [apiv2][body] POST https://www.googleapis.com/oauth2/v3/token [omitted]
[debug] [2024-06-26T17:09:03.025Z] >>> [apiv2][query] POST https://cloudresourcemanager.googleapis.com/v1/projects/react-netflix-clone-ad653:testIamPermissions [none]
[debug] [2024-06-26T17:09:03.025Z] >>> [apiv2][(partial)header] POST https://cloudresourcemanager.googleapis.com/v1/projects/react-netflix-clone-ad653:testIamPermissions x-goog-quota-user=projects/react-netflix-clone-ad653
[debug] [2024-06-26T17:09:03.025Z] >>> [apiv2][body] POST https://cloudresourcemanager.googleapis.com/v1/projects/react-netflix-clone-ad653:testIamPermissions {"permissions":["firebase.projects.get","firebasehosting.sites.update"]}
[debug] [2024-06-26T17:09:03.654Z] <<< [apiv2][status] POST https://cloudresourcemanager.googleapis.com/v1/projects/react-netflix-clone-ad653:testIamPermissions 401
[debug] [2024-06-26T17:09:03.655Z] <<< [apiv2][body] POST https://cloudresourcemanager.googleapis.com/v1/projects/react-netflix-clone-ad653:testIamPermissions {"error":{"code":401,"message":"Request had invalid authentication credentials. Expected OAuth 2 access token, login cookie or other valid authentication credential. See https://developers.google.com/identity/sign-in/web/devconsole-project.","status":"UNAUTHENTICATED","details":[{"@type":"type.googleapis.com/google.rpc.ErrorInfo","reason":"ACCESS_TOKEN_TYPE_UNSUPPORTED","metadata":{"service":"cloudresourcemanager.googleapis.com","method":"google.cloudresourcemanager.v1.Projects.TestIamPermissions"}}]}}
[debug] [2024-06-26T17:09:03.655Z] [iam] error while checking permissions, command may fail: FirebaseError: HTTP Error: 401, Request had invalid authentication credentials. Expected OAuth 2 access token, login cookie or other valid authentication credential. See https://developers.google.com/identity/sign-in/web/devconsole-project.
[debug] [2024-06-26T17:09:03.655Z] > refreshing access token with scopes: []
[debug] [2024-06-26T17:09:03.656Z] >>> [apiv2][query] POST https://www.googleapis.com/oauth2/v3/token [none]
[debug] [2024-06-26T17:09:03.656Z] >>> [apiv2][body] POST https://www.googleapis.com/oauth2/v3/token [omitted]
[debug] [2024-06-26T17:09:03.711Z] <<< [apiv2][status] POST https://www.googleapis.com/oauth2/v3/token 400
[debug] [2024-06-26T17:09:03.711Z] <<< [apiv2][body] POST https://www.googleapis.com/oauth2/v3/token [omitted]
[debug] [2024-06-26T17:09:03.712Z] >>> [apiv2][query] GET https://firebase.googleapis.com/v1beta1/projects/react-netflix-clone-ad653 [none]
[debug] [2024-06-26T17:09:03.859Z] <<< [apiv2][status] GET https://firebase.googleapis.com/v1beta1/projects/react-netflix-clone-ad653 401
[debug] [2024-06-26T17:09:03.860Z] <<< [apiv2][body] GET https://firebase.googleapis.com/v1beta1/projects/react-netflix-clone-ad653 {"error":{"code":401,"message":"Request had invalid authentication credentials. Expected OAuth 2 access token, login cookie or other valid authentication credential. See https://developers.google.com/identity/sign-in/web/devconsole-project.","status":"UNAUTHENTICATED"}}
[debug] [2024-06-26T17:09:03.861Z] HTTP Error: 401, Request had invalid authentication credentials. Expected OAuth 2 access token, login cookie or other valid authentication credential. See https://developers.google.com/identity/sign-in/web/devconsole-project.
[error] 
[error] Error: Assertion failed: resolving hosting target of a site with no site name or target name. This should have caused an error earlier
